<?xml version="1.0" encoding="UTF-8"?>
<!-- Generated by org.testng.reporters.JUnitReportReporter -->
<testsuite hostname="DESKTOP-JKOK5DU" failures="0" tests="1" name="testCasesOne.TC_002_LoginTestOne" time="1.858" errors="0" timestamp="2023-10-02T19:42:44 IST" skipped="0">
  <testcase classname="testCasesOne.TC_002_LoginTestOne" name="Test_Login" time="1.858"/>
  <system-out/>
</testsuite> <!-- testCasesOne.TC_002_LoginTestOne -->
