<?xml version="1.0" encoding="UTF-8"?>
<!-- Generated by org.testng.reporters.JUnitReportReporter -->
<testsuite hostname="DESKTOP-JKOK5DU" failures="0" tests="1" name="testCasesOne.TC_001_Account_Registratin_One" time="2.783" errors="0" timestamp="2023-10-02T19:42:44 IST" skipped="0">
  <testcase classname="testCasesOne.TC_001_Account_Registratin_One" name="test_account_Registration" time="2.783"/>
  <system-out/>
</testsuite> <!-- testCasesOne.TC_001_Account_Registratin_One -->
